row = -1, col = -1
string value = 9
type = Error
 ================================================ 
row = -1, col = -1
string value = 9
type = Error
 ================================================ 
row = -1, col = -1
string value = i
type = Error
 ================================================ 
row = -1, col = -1
string value = nt
type = Error
 ================================================ 
row = -1, col = -1
string value = 9
type = Error
 ================================================ 
